<?xml version="1.0" encoding="UTF-8"?>
<!-- Generated by org.testng.reporters.JUnitReportReporter -->
<testsuite skipped="0" hostname="Rajiv-PC" name="com.krn.actitime.tasks.DeleteCustomer" tests="1" failures="0" timestamp="16 Oct 2020 19:15:12 GMT" time="87.696" errors="0">
  <testcase name="testDeleteCustomer" time="87.696" classname="com.krn.actitime.tasks.DeleteCustomer"/>
</testsuite> <!-- com.krn.actitime.tasks.DeleteCustomer -->
