<?xml version="1.0" encoding="UTF-8"?>
<!-- Generated by org.testng.reporters.JUnitReportReporter -->
<testsuite skipped="0" hostname="Rajiv-PC" name="com.krn.actitime.users.DeleteUser" tests="1" failures="0" timestamp="18 Jan 2020 17:23:28 GMT" time="7.782" errors="0">
  <testcase name="testDeleteUser" time="7.782" classname="com.krn.actitime.users.DeleteUser"/>
</testsuite> <!-- com.krn.actitime.users.DeleteUser -->
