<?xml version="1.0" encoding="UTF-8"?>
<!-- Generated by org.testng.reporters.JUnitReportReporter -->
<testsuite skipped="0" hostname="Rajiv-PC" name="com.krn.actitime.tasks.CreateCustomer" tests="1" failures="0" timestamp="16 Oct 2020 18:16:51 GMT" time="26.010" errors="0">
  <testcase name="testCreateCustomer" time="26.010" classname="com.krn.actitime.tasks.CreateCustomer"/>
</testsuite> <!-- com.krn.actitime.tasks.CreateCustomer -->
